<?xml version="1.0" encoding="UTF-8"?>
<!-- Generated by org.testng.reporters.JUnitXMLReporter -->
<testsuite ignored="0" hostname="DESKTOP-PGL0QVV" failures="1" tests="1" name="Test" time="25.648" errors="0" timestamp="2025-01-02T15:15:21 IST">
  <testcase classname="com_Luma_Testcases.TC_01_Luma_Registration" name="LumaRegistrationtest" time="6.483">
    <failure type="java.lang.AssertionError" message="expected [true] but found [false]">
      <![CDATA[java.lang.AssertionError: expected [true] but found [false]
at com_Luma_Testcases.TC_01_Luma_Registration.LumaRegistrationtest(TC_01_Luma_Registration.java:63)
at java.base/java.util.ArrayList.forEach(ArrayList.java:1511)
... Removed 31 stack frames]]>
    </failure>
  </testcase> <!-- LumaRegistrationtest -->
</testsuite> <!-- Test -->
